生成启动时间为 8/25/2013 5:50:45 PM。
     1>项目“C:\src\github\threadpool\vc10\threadpool\threadpool.vcxproj”在节点 2 上(build 个目标)。
     1>InitializeBuildStatus:
         正在创建“Debug\threadpool.unsuccessfulbuild”，因为已指定“AlwaysCreate”。
       ClCompile:
         C:\Program Files (x86)\Microsoft Visual Studio 10.0\VC\bin\CL.exe /c /ZI /nologo /W3 /WX- /Od /Oy- /D WIN32 /D _DEBUG /D _CONSOLE /D _UNICODE /D UNICODE /Gm /EHsc /RTC1 /MDd /GS /fp:precise /Zc:wchar_t /Zc:forScope /Yc"StdAfx.h" /Fp"Debug\threadpool.pch" /Fo"Debug\\" /Fd"Debug\vc100.pdb" /Gd /TP /analyze- /errorReport:prompt stdafx.cpp
         stdafx.cpp
         C:\Program Files (x86)\Microsoft Visual Studio 10.0\VC\bin\CL.exe /c /ZI /nologo /W3 /WX- /Od /Oy- /D WIN32 /D _DEBUG /D _CONSOLE /D _UNICODE /D UNICODE /Gm /EHsc /RTC1 /MDd /GS /fp:precise /Zc:wchar_t /Zc:forScope /Yu"StdAfx.h" /Fp"Debug\threadpool.pch" /Fo"Debug\\" /Fd"Debug\vc100.pdb" /Gd /TP /analyze- /errorReport:prompt threadpool.cpp
         threadpool.cpp
       ManifestResourceCompile:
         C:\Program Files (x86)\Microsoft SDKs\Windows\v7.0A\bin\rc.exe /nologo /fo"Debug\threadpool.exe.embed.manifest.res" Debug\threadpool_manifest.rc 
       Link:
         C:\Program Files (x86)\Microsoft Visual Studio 10.0\VC\bin\link.exe /ERRORREPORT:PROMPT /OUT:"C:\src\github\threadpool\vc10\threadpool\Debug\threadpool.exe" /INCREMENTAL /NOLOGO kernel32.lib user32.lib gdi32.lib winspool.lib comdlg32.lib advapi32.lib shell32.lib ole32.lib oleaut32.lib uuid.lib odbc32.lib odbccp32.lib /MANIFEST /ManifestFile:"Debug\threadpool.exe.intermediate.manifest" /MANIFESTUAC:"level='asInvoker' uiAccess='false'" /DEBUG /PDB:"C:\src\github\threadpool\vc10\threadpool\Debug\threadpool.pdb" /SUBSYSTEM:CONSOLE /TLBID:1 /DYNAMICBASE /NXCOMPAT /IMPLIB:"C:\src\github\threadpool\vc10\threadpool\Debug\threadpool.lib" /MACHINE:X86 Debug\threadpool.exe.embed.manifest.res
         Debug\stdafx.obj
         Debug\threadpool.obj
       Manifest:
         C:\Program Files (x86)\Microsoft SDKs\Windows\v7.0A\bin\mt.exe /nologo /verbose /out:"Debug\threadpool.exe.embed.manifest" /manifest Debug\threadpool.exe.intermediate.manifest
         C:\Program Files (x86)\Microsoft SDKs\Windows\v7.0A\bin\rc.exe /nologo /fo"Debug\threadpool.exe.embed.manifest.res" Debug\threadpool_manifest.rc 
       LinkEmbedManifest:
         C:\Program Files (x86)\Microsoft Visual Studio 10.0\VC\bin\link.exe /ERRORREPORT:PROMPT /OUT:"C:\src\github\threadpool\vc10\threadpool\Debug\threadpool.exe" /INCREMENTAL /NOLOGO kernel32.lib user32.lib gdi32.lib winspool.lib comdlg32.lib advapi32.lib shell32.lib ole32.lib oleaut32.lib uuid.lib odbc32.lib odbccp32.lib /MANIFEST /ManifestFile:"Debug\threadpool.exe.intermediate.manifest" /MANIFESTUAC:"level='asInvoker' uiAccess='false'" /DEBUG /PDB:"C:\src\github\threadpool\vc10\threadpool\Debug\threadpool.pdb" /SUBSYSTEM:CONSOLE /TLBID:1 /DYNAMICBASE /NXCOMPAT /IMPLIB:"C:\src\github\threadpool\vc10\threadpool\Debug\threadpool.lib" /MACHINE:X86 Debug\threadpool.exe.embed.manifest.res
         Debug\stdafx.obj
         Debug\threadpool.obj
         threadpool.vcxproj -> C:\src\github\threadpool\vc10\threadpool\Debug\threadpool.exe
       FinalizeBuildStatus:
         正在删除文件“Debug\threadpool.unsuccessfulbuild”。
         正在对“Debug\threadpool.lastbuildstate”执行 Touch 任务。
     1>已完成生成项目“C:\src\github\threadpool\vc10\threadpool\threadpool.vcxproj”(build 个目标)的操作。

生成成功。

已用时间 00:00:03.05
